【第1条结果】
无关内容：Dorea was trying to cook a Baklava. When she took it out of the oven, the Baklava was ruined as the bread was not crispy, and the filling was bursting all over the pan. At that moment, her daughter came home and noticed her mom's fresh yet ruined Baklava. She tasted it and gave a thumbs-up to her mother.
预测情感：Disappointment
--------------------------------------------------
【第2条结果】
无关内容：Simon, an amateur painter, had been working on a portrait of his deceased pet for over a week. After he finally completed it, he stepped back and immediately noticed that he had painted the wrong color for his pet's fur. Just then, his wife saw it and exclaimed, "That's exactly how I remember him!"
预测情感：Disappointment
--------------------------------------------------
【第3条结果】
无关内容：After weeks of hard work and determination, Andy was finally able to open his art exhibition and display his portraits. While he invited all of the people at work, none of them showed up. As he was packing up to leave, his boss showed up, pointed to his painting, and praised his skills.
预测情感：Sadness & Anger
--------------------------------------------------
【第4条结果】
无关内容：Albert and his dad made a deal. If Albert managed to graduate, being in the top 5 in the school, his dad would buy him a new laptop. If Albert lost, then he would not get anything. During the announcement, Albert fell short of the list and was ranked 6. The next day, they found out that one of the top 5 contestants had cheated and was disqualified.
预测情感：Delight
--------------------------------------------------
【第5条结果】
无关内容：Momo loved dancing and used it as an escape from her stressful life. Today, her client refused her work multiple times which resulted in her being reprimanded by her boss. Arriving at the dance studio, she put her bag down and screamed before starting to dance. After she finished dancing, Momo closed her eyes and nodded to herself in the mirror.
预测情感：Anger
--------------------------------------------------
【第6条结果】
无关内容：On his way to work, Andre was stuck in traffic when a person started shouting at him for being a bad driver. Once he came out of the car to confront that person, he realized it was his dad.
预测情感：Amusement
--------------------------------------------------
【第7条结果】
无关内容：Mike was annoyed with his friend Bob for not inviting him to Bob's birthday party. Then, Mike realized Bob also talks badly about him behind his back to others.
预测情感：Annoyance
--------------------------------------------------
【第8条结果】
无关内容：Julius was excited to present his innovative idea to the team. During the meeting, his boss brutally criticized his lack of details and clarity. Julius analyzed his boss' comments and realized that this harsh feedback was what he needed to improve. He read over his notes and started refining his ideas.
预测情感：Hopeful
--------------------------------------------------
【第9条结果】
无关内容：Liam, a teenager often overlooked by his parents, found pride in keeping a flawless academic record. His parents told him they'd be skipping his awards ceremony for his younger brother's baseball game. With a crushing feeling in his heart, he climbed the stage alone. As he looked into the audience, he saw his parents sitting in the front row, smiling and clapping for him.
预测情感：Delight
--------------------------------------------------
【第10条结果】
无关内容：Joe's biggest hobby is taking pictures of birds. He had been trying to spot a rare type of bird, called the bluebird, for months. After numerous attempts, he finally spotted one sitting on a tree branch and was delighted. So, he sat down and prepared his camera to take the photo, but as he wanted to take the picture, the bird flew away. As Joe was staying there staring at the empty branch, the bird flew back.
预测情感：Delight
--------------------------------------------------
【第11条结果】
无关内容：Ella was up the entire night working on her painting for the art exhibition. She was full of doubt, questioning whether it was good enough or not for the public. As she finished and stepped away, her little brother walked into the room. He stood there, stared at the painting for a while, then he turned to Ella with wide eyes and a big smile on his face.
预测情感：Relief
--------------------------------------------------
【第12条结果】
无关内容：Mira had always been afraid of dogs. One day, while walking in her neighborhood, she saw an injured puppy on the sidewalk. She cautiously approached, quickly wrapped it in her scarf, and took it to the vet. A few weeks of visits later, Mira found herself getting attached to the creature.
预测情感：Love
--------------------------------------------------
【第13条结果】
无关内容：Lena has been trying to study hard the entire week for her crucial medical exam, but has not found the chance because of her social life. So, with high anxiety, she decided to prepare hours away from the exam. In the middle of her study, she got a notification about the cancellation of the exam due to a virus outbreak in her college.
预测情感：Relief
--------------------------------------------------
【第14条结果】
无关内容：After waiting for almost two hours for his date, Roger was considering leaving when he heard a familiar voice behind him. It was his date, Jessica, who frantically apologized for being late and explained she had been helping a family stuck on the highway.
预测情感：Admiration
--------------------------------------------------
【第15条结果】
无关内容：After waiting for almost two hours for his date, Roger was considering leaving when he heard a familiar voice behind him. It was his date, Jessica, who frantically apologized for being late and explained she had been helping a family stuck on the highway.
预测情感：Guilt
--------------------------------------------------
【第16条结果】
无关内容：James and Tom are coworkers. They've been best friends for over a decade. Their boss gives out an employee of the year award every year. This year, they both applied as candidates for this reward and worked hard to get it. The results were announced yesterday. James won the award. When they found out, James smiled at first but didn't celebrate.
预测情感：Disappointment & Admiration
--------------------------------------------------
【第17条结果】
无关内容：James and Tom are coworkers. They've been best friends for over a decade. Their boss gives out an employee of the year award every year. This year, they both applied as candidates for this reward and worked hard to get it. The results were announced yesterday. James won the award. When they found out, James smiled at first but didn't celebrate.
预测情感：Pride & Nervousness
--------------------------------------------------
【第18条结果】
无关内容：Mike had a math exam yesterday. The night before, Mike had studied all the material he could get his hands on and did many practice tests. But when it came to the actual exam, he had forgotten many of the things that he had reviewed. After the exam was over, Mike felt so bad he thought he would fail even though he studied really hard. The results came out today. Mike passed with a low mark, so he will ask the teacher if he can get a higher grade.
预测情感：Relief & Disappointment
--------------------------------------------------
【第19条结果】
无关内容：Charlene is a big fan of Taylor Swift. She has been saving up her allowance for a year to go to her concert. One day, as she was sitting in a cafe, she decided to try buying a Taylor Swift concert ticket. She knew there was a long waitlist of people wanting to go to the concert, but she still gave it a try. After around thirty minutes, she became one of the few to buy the tickets. She screamed the moment she received the email for her purchase confirmation. Immediately after, she realized what she had done and apologized to the other customers.
预测情感：Excitement & Delight & Embarrassment
--------------------------------------------------
【第20条结果】
无关内容：Naomi just graduated high school and is about to attend college abroad in three days. This is the first time she is separated from her family and has to live on her own. While packing, although she's grown up and doesn't play with toys anymore, Naomi brought a doll that her mother gave her as a child.
预测情感：Excitement & Sadness & Nervousness
--------------------------------------------------
【第21条结果】
无关内容：Jennie applied to eight different universities to pursue her Bachelor's degree. Each decision letter came in differing dates. Jennie waited until she received all the decision letters and opened them simultaneously. After opening the letters, Jennie found that five of the universities, including her dream university, rejected her. Yet, one of the other three had offered to provide a full scholarship.
预测情感：Disappointment & Pride & Relief
--------------------------------------------------
【第22条结果】
无关内容：Rayna had a challenging physics exam today. Yet, Rayna was well prepared. Rayna answered most of the questions in the exam in a short amount of time and was sure of her answers. However, when Rayna got to the last question, she could not figure out a solution and ended up spending the rest of the exam on it. The moment Rayna came out of the exam hall and started discussing the questions with her friends, she suddenly came up with a solution for the question.
预测情感：Relief & Annoyance & Guilt
--------------------------------------------------
【第23条结果】
无关内容：Taylor had to complete a group project for the human-computer interaction course. The teams were assigned randomly, and Taylor was excited about meeting new teammates. During weeks of working on the project, he realized he was the only one doing the work, and none of his teammates were willing to help. After all projects were submitted and assessed, his group's project was selected as the best and got the highest mark.
预测情感：Pride & Annoyance
--------------------------------------------------
【第24条结果】
无关内容：Laura owns a bakery. She recently got a chance to compete in a high-profile national baking competition. After weeks of grueling preparation, she made it to the final round but unfortunately finished in second place. Despite this, she was praised for her work by her baking idol, a renowned pastry chef.
预测情感：Sadness & Pride
--------------------------------------------------
【第25条结果】
无关内容：Ben has been aiming to buy his dream car for many years. He has saved up every single penny he could save from his salary and even did extra part-time jobs for this. After years of hard work, he finally had enough money to buy his dream car. The day he went to buy the car, as he was on his way to the dealership, he noticed a homeless man on the road in dire need of help. Ben helped the man with a considerable part of his savings so that he could start a new life.
预测情感：Caring & Sadness
--------------------------------------------------
【第26条结果】
无关内容：Patrick is a passionate soccer player on his high school team. For the whole year, he has been practicing hard to win the championship. On the final day of the match, his leg gets injured. Yet, he still decides to finish the game. Surprisingly, Patrick scored the final goal, leading the team to victory. However, after the match, he found out that his injury needed numerous weeks of medical rest.
预测情感：Pride & Sentimental
--------------------------------------------------
【第27条结果】
无关内容：Lora left her husband with her toddler to go grocery shopping. When she got back home, she saw her husband with her toddler on top of his chest, sleeping on the couch, before noticing the mess in the living room.
预测情感：Love & Annoyance
--------------------------------------------------
【第28条结果】
无关内容：Every evening, Alexa used to water her vegetable garden, which was in the backyard of her home. One evening, a group of children playing soccer in the nearby ground accidentally kicked the ball into her garden, damaging some of her plants. Alexa destroyed their ball to show her anger. The following afternoon, she saw the children arrive with new plants, apologizing for their actions and asking if they could have their ball back.
预测情感：Anger & Gratitude
--------------------------------------------------
【第29条结果】
无关内容：Every evening, Alexa used to water her vegetable garden, which was in the backyard of her home. One evening, a group of children playing soccer in the nearby ground accidentally kicked the ball into her garden, damaging some of her plants. Alexa destroyed their ball to show her anger. The following afternoon, she saw the children arrive with new plants, apologizing for their actions and asking if they could have their ball back.
预测情感：Embarrassment & Anger
--------------------------------------------------
【第30条结果】
无关内容：Gabriel has had a long and tough day. He woke up early to go to work, got shouted at by his boss, and was laughed at by his coworkers. Then, he found that he might need to find a new job due to his recent failures. On his way home, Gabriel bought an ice cream to make himself feel better, but it fell to the ground right as he wanted to start eating it. Then, he started laughing hysterically.
预测情感：Sadness
--------------------------------------------------
【第31条结果】
无关内容：When Clai was about to graduate from college, Michi, her best friend, told her that she wasn't able to come to her graduation. During the graduation day, Clai was walking down the stage to receive her diploma when suddenly she heard loud cheering and saw Michi.
预测情感：Delight
--------------------------------------------------
【第32条结果】
无关内容：When Clai was about to graduate from college, Michi, her best friend, told her that she wasn't able to come to her graduation. During the graduation day, Clai was walking down the stage to receive her diploma when suddenly she heard loud cheering and saw Michi.
预测情感：Caring
--------------------------------------------------
【第33条结果】
无关内容：Rea is disliked by her classmates due to her high grades. Last week, their class had a very challenging chemistry test. When the papers were graded and handed out, Rea realized that she was the only student who passed the test among her classmates. So, she immediately tore her test paper and threw it out before anyone else saw it.
预测情感：Nervousness
--------------------------------------------------
【第34条结果】
无关内容：Rea is disliked by her classmates due to her high grades. Last week, their class had a very challenging chemistry test. When the papers were graded and handed out, Rea realized that she was the only student who passed the test among her classmates. So, she immediately tore her test paper and threw it out before anyone else saw it.
预测情感：Disapproval
--------------------------------------------------
【第35条结果】
无关内容：Ella gave her daughter Ada a music box for her 6th birthday, it played her favorite classical songs. Ada loved the music box and used to listen to it every night before bed. When Ada turned 10, she accidentally broke the music box. So, she hid the broken box and never mentioned the incident to Ella. One day, while cleaning, Ella found the broken music box and comforted Ada telling her that accidents happen.
预测情感：Guilt
--------------------------------------------------
【第36条结果】
无关内容：Ella gave her daughter Ada a music box for her 6th birthday, it played her favorite classical songs. Ada loved the music box and used to listen to it every night before bed. When Ada turned 10, she accidentally broke the music box. So, she hid the broken box and never mentioned the incident to Ella. One day, while cleaning, Ella found the broken music box and comforted Ada telling her that accidents happen.
预测情感：Guilt & Sadness & Sentimental
--------------------------------------------------
【第37条结果】
无关内容：Elise and Damon had been the best of friends since their high school days. Recently, Elise developed feelings for Damon and decided to confess. She rehearsed and finally, with her heart pounding, she confessed her feelings. Damon told her he had been in a relationship with someone else for a couple of months. Elise congratulated him and left hurriedly.
预测情感：Disappointment & Jealousy
--------------------------------------------------
【第38条结果】
无关内容：Elise and Damon had been the best of friends since their high school days. Recently, Elise developed feelings for Damon and decided to confess. She rehearsed and finally, with her heart pounding, she confessed her feelings. Damon told her he had been in a relationship with someone else for a couple of months. Elise congratulated him and left hurriedly.
预测情感：Surprise & Guilt
--------------------------------------------------
【第39条结果】
无关内容：Diana was a self-taught artist, while her sister Eliana has been going to classes since she was a child. Eliana often criticized Diana for her lack of creativity. One day, Eliana entered a prestigious photo contest and lost. She then found out that Diana had won the same contest with her artwork. So, she went online to write comments on how the judges do not understand art.
预测情感：Jealousy
--------------------------------------------------
【第40条结果】
无关内容：Diana was a self-taught artist, while her sister Eliana has been going to classes since she was a child. Eliana often criticized Diana for her lack of creativity. One day, Eliana entered a prestigious photo contest and lost. She then found out that Diana had won the same contest with her artwork. So, she went online to write comments on how the judges do not understand art.
预测情感：Disapproval
--------------------------------------------------
【第41条结果】
无关内容：Alice had been working for a long time to afford the car of her dreams. After a lot of saving up, she was able to buy it today. Meanwhile, her brother Bill was going through financial struggles and had to sell his car a few weeks ago. Alice decided to take Bill for a ride in her new car that evening.
预测情感：Gratitude
--------------------------------------------------
【第42条结果】
无关内容：Alice had been working for a long time to afford the car of her dreams. After a lot of saving up, she was able to buy it today. Meanwhile, her brother Bill was going through financial struggles and had to sell his car a few weeks ago. Alice decided to take Bill for a ride in her new car that evening.
预测情感：Disappointment
--------------------------------------------------
【第43条结果】
无关内容：Jane's mother is very strict and always undermines her accomplishments at home. One day, Jane showed her mother the test paper on which she had scored 95 points out of 100. Her mother only said that she should have gotten full marks on such a simple test. However, when other parents are present, she openly talks about Jane's grades and excitedly praises her daughter.
预测情感：Loathe
--------------------------------------------------
【第44条结果】
无关内容：Jane's mother is very strict and always undermines her accomplishments at home. One day, Jane showed her mother the test paper on which she had scored 95 points out of 100. Her mother only said that she should have gotten full marks on such a simple test. However, when other parents are present, she openly talks about Jane's grades and excitedly praises her daughter.
预测情感：Disappointment
--------------------------------------------------
【第45条结果】
无关内容：Angie and Shawn are a very close couple, but they haven't been on the best terms for the last two weeks. Today is the 28th. On this day of every month, Shawn would buy a bouquet of flowers and put them in the living room to express his love for Angie. As Shawn passed by the flower shop, he started pondering deeply, and after some time, he walked in to buy a bouquet.
预测情感：Caring & Sentimental
--------------------------------------------------
【第46条结果】
无关内容：The result of the hard chemistry test is finally out today. Victoria found out that, while she didn't pass the test, she earned a higher score than Bertha, her rival.
预测情感：Disappointment & Pride
--------------------------------------------------
【第47条结果】
无关内容：The result of the hard chemistry test is finally out today. Victoria found out that, while she didn't pass the test, she earned a higher score than Bertha, her rival.
预测情感：Disappointment & Jealousy
--------------------------------------------------
【第48条结果】
无关内容：Andre is a doctor. Due to the constant emergencies happening in the past few months, Andre hasn't had the time to be with his girlfriend. So, this weekend, he decided to take his girlfriend on a romantic date night. Nearing the end of the main course, he got a call from his friend at the hospital telling him to enjoy the night.
预测情感：Delight
--------------------------------------------------
【第49条结果】
无关内容：Today was a hectic day for Harvey. He woke up late to go to the office, skipped his breakfast, got scolded by his manager, had to work late, and ate one meal only. When he came home, he wanted to get to bed immediately when he saw his parents' morning text that he had been unable to check until now, wishing him the happiest birthday and leaving heartfelt messages.
预测情感：Sadness & Gratitude
--------------------------------------------------
【第50条结果】
无关内容：To celebrate moving into his new house, Zhongli hosted a housewarming party and invited one of his best friends, Ollie. Around 6 p.m., Ollie arrived at Zhongli's house and entered without taking off his shoes. Seeing this, Zhongli told him to take off his shoes and offered a pair of slippers to use inside the house.
预测情感：Disapproval & Annoyance
--------------------------------------------------
【第51条结果】
无关内容：To celebrate moving into his new house, Zhongli hosted a housewarming party and invited one of his best friends, Ollie. Around 6 p.m., Ollie arrived at Zhongli's house and entered without taking off his shoes. Seeing this, Zhongli told him to take off his shoes and offered a pair of slippers to use inside the house.
预测情感：Embarrassment
--------------------------------------------------
【第52条结果】
无关内容：Samira and Amy decided to get dinner together at an Indian restaurant. Amy is American and has never had Indian Food. They came to this restaurant because Samira wanted Amy to try her culture and food. Once the food arrived, Samira started eating with her hands and mentioned how it reminded her of her mom's cooking.
预测情感：Disapproval & Disgust
--------------------------------------------------
【第53条结果】
无关内容：Samira and Amy decided to get dinner together at an Indian restaurant. Amy is American and has never had Indian Food. They came to this restaurant because Samira wanted Amy to try her culture and food. Once the food arrived, Samira started eating with her hands and mentioned how it reminded her of her mom's cooking.
预测情感：Pride
--------------------------------------------------
【第54条结果】
无关内容：On her trip to Japan, Jessica visited a sushi place with many good reviews. She ordered many items on the menu for herself and enjoyed her dinner to the fullest. Then, she asked for the receipt and put in a generous twenty-dollar tip. After noticing the tip, the waitress took it and returned it to Jessica.
预测情感：Joy & Surprise
--------------------------------------------------
【第55条结果】
无关内容：On her trip to Japan, Jessica visited a sushi place with many good reviews. She ordered many items on the menu for herself and enjoyed her dinner to the fullest. Then, she asked for the receipt and put in a generous twenty-dollar tip. After noticing the tip, the sushi waitress took it and returned it to Jessica.
预测情感：Disapproval
--------------------------------------------------
【第56条结果】
无关内容：Weili recently came over to Germany from China for a student exchange program. Earlier today, Samantha, her German classmate, invited her to a movie that started at half past seven. In Europe, unlike China, movies usually start twenty to thirty minutes late. Weili showed up at the cinema at around eight but Samantha didn't mention anything about it.
预测情感：Annoyance
--------------------------------------------------
【第57条结果】
无关内容：Weili recently came over to Germany from China for a student exchange program. Earlier today, Samantha, her German classmate, invited her to a movie that started at half past seven. In Europe, unlike China, movies usually start twenty to thirty minutes late. Weili showed up at the cinema at around eight but Samantha didn't mention anything about it.
预测情感：Unbothered
--------------------------------------------------
【第58条结果】
无关内容：Xiaofeng, who is from China, and his friends usually don't go Dutch when eating out and instead have one of them pay the bill. One day, he brought Henry, his American friend, to a dinner party. After the meal, Henry naturally took out his credit card and prepared to split the bill. Xiaofeng smiled and refused.
预测情感：Caring
--------------------------------------------------
【第59条结果】
无关内容：Xiaofeng, who is from China, and his friends usually don't go Dutch when eating out and instead have one of them pay the bill. One day, he brought Henry, his American friend, to a dinner party. After the meal, Henry naturally took out his credit card and prepared to split the bill. Xiaofeng smiled and refused.
预测情感：Surprise
--------------------------------------------------
【第60条结果】
无关内容：Bill was learning how to use chopsticks from his Chinese friend, Xiao. After several attempts, Bill finally successfully picked up a handful of rice with his chopstick and after eating the rice, he put the chopsticks upright inside the rice bowl. Xiao immediately took the chopsticks out and put them on the chopsticks rest.
预测情感：Delight
--------------------------------------------------
【第61条结果】
无关内容：Bill was learning how to use chopsticks from his Chinese friend, Xiao. After several attempts, Bill finally successfully picked up a handful of rice with his chopstick and after eating the rice, he put the chopsticks upright inside the rice bowl. Xiao immediately took the chopsticks out and put them on the chopsticks rest.
预测情感：Disapproval & Remorse
--------------------------------------------------
【第62条结果】
无关内容：Alexandra had a meeting with Chinese supervisor, Li. In this meeting, she straightforwardly pointed out the flaws in Li's presentation and told her the mistakes she had made.
预测情感：Embarrassment
--------------------------------------------------
【第63条结果】
无关内容：Fatemeh, an Iranian student studying in the US, invited her classmate Janice over for lunch. As per Iranian tradition, Fatemeh immediately offered Janice slippers to wear inside the house, which Janice politely declined, saying she prefers her own shoes.
预测情感：Disapproval
--------------------------------------------------
【第64条结果】
无关内容：Fatemeh, an Iranian student studying in the US, invited her classmate Janice over for lunch. As per Iranian tradition, Fatemeh immediately offered Janice slippers to wear inside the house, which Janice politely declined, saying she prefers her own shoes.
预测情感：Annoyance & Oblivious
--------------------------------------------------
【第65条结果】
无关内容：During a business meeting in Saudi Arabia, American entrepreneur Marcus initiated a handshake with Saudi businesswoman Ayah. However, Ayah simply nodded her head instead and placed her hand over her heart.
预测情感：Embarrassment
--------------------------------------------------
【第66条结果】
无关内容：During a business meeting in Saudi Arabia, American entrepreneur Marcus initiated a handshake with Saudi businesswoman Ayah. However, Ayah simply nodded her head instead and placed her hand over her heart.
预测情感：Disapproval
--------------------------------------------------
【第67条结果】
无关内容：On her visit to China from the US, Lucia was invited by her new Chinese coworker, Ling, to a dinner gathering with friends. When it was time to order, Ling ordered for the whole table and gave back the menu before Lucia could have a look. When the food was served, Lucia looked at the dishes and said "I can take this one," before choosing one of the dishes to eat.
预测情感：Oblivious & Disappointment
--------------------------------------------------
【第68条结果】
无关内容：On her visit to China from the US, Lucia was invited by her new Chinese coworker, Ling, to a dinner gathering with friends. When it was time to order, Ling ordered for the whole table and gave back the menu before Lucia could have a look. When the food was served, Lucia looked at the dishes and said "I can take this one," before choosing one of the dishes to eat.
预测情感：Annoyance & Disapproval
--------------------------------------------------
【第69条结果】
无关内容：Due to higher pay, Lincoln moved from the US to Dubai in Ramadan. On his first day at work, He suggested a team meeting over lunch with his new coworker, Ali, to know each other better. However, Ali responded with a direct "No" without any further explanation.
预测情感：Annoyance & Disapproval
--------------------------------------------------
【第70条结果】
无关内容：Due to higher pay, Lincoln moved from the US to Dubai in Ramadan. On his first day at work, He suggested a team meeting over lunch with his new coworker, Ali, to know each other better. However, Ali responded with a direct "No" without any further explanation.
预测情感：Anger
--------------------------------------------------
【第71条结果】
无关内容：During her visit to India, Sophia became close to Laila, her Indian Coworker, and was invited to attend her birthday party. As she wanted to stand out, she wore her favorite white dress. When Laila saw Sophia, she told her what her dress indicated.
预测情感：Embarrassment
--------------------------------------------------
【第72条结果】
无关内容：During her visit to India, Sophia became close to Laila, her Indian Coworker, and was invited to attend her birthday party. As she wanted to stand out, she wore her favorite white dress. When Laila saw Sophia, she gently went up to her and told her what her dress indicated.
预测情感：Disappointment
--------------------------------------------------
【第73条结果】
无关内容：Before passing away, Max's grandmother gave him a ring that had been passed down generations in their family. She told him that he may pass it down to his children one day. Yesterday, Max's friend, Jason, borrowed the ring to include it in his family values and heritage presentation. After the presentation, he couldn't find the ring, no matter how hard he looked. So, he offered Max to buy him a similar ring in return.
预测情感：Embarrassment
--------------------------------------------------
【第74条结果】
无关内容：Before passing away, Max's grandmother gave him a ring that had been passed down generations in their family. She told him that he may pass it down to his children one day. Yesterday, Max's friend, Jason, borrowed the ring to include it in his family values and heritage presentation. After the presentation, he couldn't find the ring, no matter how hard he looked. So, he offered Max to buy him a similar ring in return.
预测情感：Annoyance & Disapproval
--------------------------------------------------
【第75条结果】
无关内容：Jason was going on a date last week and desperately needed a formal shirt. Jason asked George if he could borrow George's. George lent Jason his favorite shirt, which George thought was irreplaceable since it was given to him by his mother. During the date, Jason got some cake on the shirt and couldn't wash it off. Jason looked it up, and it turns out Jason could buy the same shirt for a couple of bucks. So, Jason decided just to buy George a new shirt to replace it. Jason bet he won't mind.
预测情感：Unbothered
--------------------------------------------------
【第76条结果】
无关内容：Jason was going on a date last week and desperately needed a formal shirt. Jason asked George if he could borrow George's. George lent Jason his favorite shirt, which George thought was irreplaceable since it was given to him by his mother. During the date, Jason got some cake on the shirt and couldn't wash it off. Jason looked it up, and it turns out Jason could buy the same shirt for a couple of bucks. So, Jason decided just to buy George a new shirt to replace it. Jason bet he won't mind.
预测情感：Anger & Disappointment
--------------------------------------------------
【第77条结果】
无关内容：Yesterday, right before Penny's exam, Penny realized she didn't bring any pens to take the exam. Penny asked her friend Kevin if she could borrow one of his. Kevin gave Penny a pen and told her she could keep it after the exam since he had many. When Penny returned home after the exam, Penny realized she had lost Kevin's pen. Penny looked everywhere, but couldn't find it. When Penny met Kevin today, Penny asked Kevin how much he paid for it so she could give him the money.
预测情感：Guilt
--------------------------------------------------
【第78条结果】
无关内容：Yesterday, right before Penny's exam, Penny realized she didn't bring any pens to take the exam. Penny asked her friend Kevin if she could borrow one of his. Kevin gave Penny a pen and told her she could keep it after the exam since he had many. When Penny returned home after the exam, Penny realized she had lost Kevin's pen. Penny looked everywhere, but couldn't find it. When Penny met Kevin today, Penny asked Kevin how much he
预测情感：Unbothered & Gratitude
--------------------------------------------------
【第79条结果】
无关内容：Hannah is a massive fan of the Backstreet Boys. She had a poster hanging on her room's wall and had it signed when she went to the fan meeting with them. One day, Hannah and her sister were studying together in her room. Accidentally, her sister ripped the poster. Thinking it was just a poster, her sister offered to buy a new one.
预测情感：Anger & Disappointment
--------------------------------------------------
【第80条结果】
无关内容：Hannah is a massive fan of the Backstreet Boys. She had a poster hanging on her room's wall and had it signed when she went to the fan meeting with them. One day, Hannah and her sister were studying together in her room. Accidentally, her sister ripped the poster. Thinking it was just a poster, her sister offered to buy a new one.
预测情感：Embarrassment
--------------------------------------------------
【第81条结果】
无关内容：Jennie come from a poor family. One day, after being accepted to the university, her family congratulated her and gifted her with a bag for the first time. 9 years later, Jennie's husband and she moved houses after getting married. While unpacking, Jennie's husband found a bag that was torn and dirty. Jennie's parents gave her that bag as a gift for getting accepted into her dream university. Jennie's husband wanted to throw it away and said Jennie wouldn't need it since it's useless.
预测情感：Sentimental & Annoyance & Disapproval
--------------------------------------------------
【第82条结果】
无关内容：Jennie come from a poor family. One day, after being accepted to the university, her family congratulated her and gifted her with a bag for the first time. 9 years later, Jennie's husband and she moved houses after getting married. While unpacking, Jennie's husband found a bag that was torn and dirty. Jennie's parents gave her that bag as a gift for getting accepted into her dream university. Jennie's husband wanted to throw it away and said Jennie wouldn't need it since it's useless.
预测情感：Oblivious & Disgust
--------------------------------------------------
【第83条结果】
无关内容：After 50 years of hard work, Mr Jenkins, a beloved history teacher at their old high school, is retiring. To commemorate the occasion, all his past and present students decided to gather for a surprise party. They dug out all their history notes, letters, and even grades that Mr. Jenkins had given them over the years. They used these to create a colourful and informative mural, telling the story of his impact on their lives.
预测情感：Gratitude & Sentimental
--------------------------------------------------
【第84条结果】
无关内容：After cleaning his attic, Josh stumbled upon an old wristwatch that his father used to wear when Josh was only a child. The watch was an ordinary device, and while it was scratched and worn, Josh decided not to throw it away.
预测情感：Sentimental
--------------------------------------------------
【第85条结果】
无关内容：It's been a long time since Nick visited the park where he spent his childhood days. So, he planned a visit and took his young son, Phil. On the way, they crossed the old tree where Nick used to play with his friends. He noticed that his son was looking at the engraved initials on the tree with his eyes wide open.
预测情感：Sentimental
--------------------------------------------------
【第86条结果】
无关内容：It's been a long time since Nick visited the park where he spent his childhood days. So, he planned a visit and took his young son, Phil. On the way, they crossed the old tree where Nick used to play with his friends. He noticed that his son was looking at the engraved initials on the tree with his eyes wide open.
预测情感：Curiosity
--------------------------------------------------
【第87条结果】
无关内容：Alan accidentally left behind his son's favorite soft toy at a park. Instead of going to the mall to buy a new one, he hurried back to retrieve it, even though it was just a worn-out bunny toy.
预测情感：Nervousness
--------------------------------------------------
【第88条结果】
无关内容：After her breakup, Helena did not want to be reminded of her ex. While cleaning up her room, she found pieces of a letter in the trash and asked her mom about it. Her mom told her that the letter was from her ex, and she decided to tear it and throw it out.
预测情感：Anger
--------------------------------------------------
【第89条结果】
无关内容：Luna has always avoided seeing any hole patterns due to her trypophobia. She usually succeeds in avoiding patterns clustered with holes in them. One day, Luna and her family went to a restaurant for lunch. Once they placed the orders, the waitress served her drink with a straw in it.
预测情感：Disgust
--------------------------------------------------
【第90条结果】
无关内容：Ever since Julie was a child, Julie was so afraid of spiders and hated going to the zoo sections that included these little creatures. Today, Julie had a nice dinner with her best friends and watched the new Spiderman Movie.
预测情感：Fear
--------------------------------------------------
【第91条结果】
无关内容：Molly have had acrophobia since Molly was a young child. Today, at work, the elevator was out of order, and Molly had to take the stairs to reach her office. Molly considered it a small exercise since Molly haven't had much time to work out recently. Molly's office is on the last floor of this tall building.
预测情感：Nervousness
--------------------------------------------------
【第92条结果】
无关内容：Leo have a hard time dealing with people and is very antisocial. Leo can easily get overwhelmed by talking to others. Tonight, after work, Leo spent a lonely night all by himself watching movies.
预测情感：Sadness
--------------------------------------------------
【第93条结果】
无关内容：The last time Andrew went to Disneyland, he fractured his leg on the way to his favorite ride he was running up the steps carelessly. Today, after several requests from his girlfriend, they went to Disneyland and were waiting for the same ride.
预测情感：Fear
--------------------------------------------------
【第94条结果】
无关内容：As Lin Lin was going back home one night, she came across a pervert who tried to harass her. Fortunately, she ran away just in time. She couldn't remember much about the guy's face, but she remembered that he had a big mole between his eyebrows. A week later, she met a male client with a large mole between his eyebrows at a company reception.
预测情感：Horror
--------------------------------------------------
【第95条结果】
无关内容：Ted has won the arm wrestling championship for seven years in a row. Ricky, who is new to the game, decides to give it a shot for fun and challenge Ted despite knowing that he will lose. Ricky lost.
预测情感：Pride
--------------------------------------------------
【第96条结果】
无关内容：Ted has won the arm wrestling championship for seven years in a row. Ricky, who is new to the game, decides to give it a shot for fun and challenge Ted despite knowing that he will lose. Ricky lost.
预测情感：Amusement
--------------------------------------------------
【第97条结果】
无关内容：Angela has a phobia of bees, and she gets very nervous when there are bees flying around. Today, Kitty gifted her a bottle of honey.
预测情感：Fear
--------------------------------------------------
【第98条结果】
无关内容：Molly has always been afraid of darkness due to her Nyctophobia. She effortlessly avoids all unlit places and activities to feel at ease. This evening, Molly and her classmates were assigned an astronomy project that required them to observe stars in the Sahara in the afternoon.
预测情感：Fear
--------------------------------------------------
【第99条结果】
无关内容：Sophie has always been introverted and never enjoyed large parties or gatherings. She often feels overwhelmed by the noise and prefers quiet activities at home. Today, her best friend persuaded her to go to a salsa dance class with her. At that class, everyone was required to switch partners every five minutes in order to meet and dance with different people.
预测情感：Nervousness
--------------------------------------------------
【第100条结果】
无关内容：Adam has claustrophobia and gets extremely uncomfortable in small or crowded spaces. Last night, his friend invited him to his spacious garden home for a barbeque dinner.
预测情感：Relief & Gratitude
--------------------------------------------------
【第101条结果】
无关内容：Sam, a 45-year-old introverted scientist, has been struggling for years with social anxiety. Today, he is asked to give a speech in front of numerous respected peers about his recent cutting-edge discovery. But, his wife was the only person who showed up to the speech.
预测情感：Disappointment
--------------------------------------------------
【第102条结果】
无关内容：Sara has always been very superstitious. Yesterday, despite loving her job, She decided to quit as her office shifted to the 13th floor of her building.
预测情感：Fear & Guilt
--------------------------------------------------
【第103条结果】
无关内容：Jacob is very organized and likes to schedule events in his Calender. Originally, he and his girlfriend, Stephanie, were planning on a date this afternoon, so he scheduled his whole day around it. At noon, Stephanie messaged him that since She didn't have anything for the day, her friends invited her to a fabulous birthday party that she will go to.
预测情感：Disappointment
--------------------------------------------------
【第104条结果】
无关内容：Jacob is very organized and likes to schedule events in his Calender. Originally, he and his girlfriend, Stephanie, were planning on a date this afternoon, so he scheduled his whole day around it. At noon, Stephanie messaged him that since She didn't have anything for the day, her friends invited her to a fabulous birthday party that she will go to.
预测情感：Disappointment
--------------------------------------------------
【第105条结果】
无关内容：Catherine, a young aspiring musician, had difficulty finding her voice and often mimicked the style of popular singers. However, she hates copying others and wants to be original. One day, during a live performance, she hit a high note perfectly, just like her favorite artist would, and the crowd clapped and cheered for her. Upon hearing the crowd's cheers, Catherine's eyes welled up with tears.
预测情感：Guilt
--------------------------------------------------
【第106条结果】
无关内容：Greg was raised in a conservative family. Therefore, Greg did not have much freedom in selecting jobs and applied for a job that could satisfy his family's requirements but not his own. When the decision letter came out, he was rejected by the company and they wished him the best of luck. He sighed.
预测情感：Hopeless
--------------------------------------------------
【第107条结果】
无关内容：Professor Adams had instructed John to complete a physics experiment. John, who isn't good at science, tried hard to focus on the experiment. After hours of work, when John completed the experiment, he found out that his result was the expected one. He sighed and called Professor Adams to share his results.
预测情感：Relief
--------------------------------------------------
【第108条结果】
无关内容：Professor Adams had instructed John to complete a physics experiment. John, who isn't good at science, tried hard to focus on the experiment. After hours of work, when John completed the experiment, he found out that his result was the expected one. He sighed and called Professor Adams to share his results.
预测情感：Relief
--------------------------------------------------
【第109条结果】
无关内容：Jenny was dreading going on a blind date that her friend Lauren had set up for her. She didn't know anything about the guy and was worried it would be awkward. When Jenny arrived at the restaurant, she was pleasantly surprised to see an attractive man waiting for her. As they started talking over dinner, Jenny realized they had a lot in common, and she really enjoyed the conversation. At the end of the night, he asked if he could see her again. Jenny sighed and said she would love to.
预测情感：Relief & Excitement
--------------------------------------------------
【第110条结果】
无关内容：Irene wanted to skip class, so she sniffled and groaned in pain in front of the teacher. The teacher excused her from the class and asked her to go to the infirmary.
预测情感：Annoyance
--------------------------------------------------
【第111条结果】
无关内容：While being best friends, Alex and Charlie support different soccer teams. So, when it was time for their favorite teams to play against each other, they gathered in a bar to watch the match. Alex's team was dominant during the whole game and was winning until the last minute, when Charlie's team scored a sudden goal to win the match. At this moment, both Alex and Charlie started to shout.
预测情感：Disappointment
--------------------------------------------------
【第112条结果】
无关内容：While being best friends, Alex and Charlie support different soccer teams. So, when it was time for their favorite teams to play against each other, they gathered in a bar to watch the match. Alex's team was dominant during the whole game and was winning until the last minute, when Charlie's team scored a sudden goal to win the match. At this moment, both Alex and Charlie started to shout.
预测情感：Delight
--------------------------------------------------
【第113条结果】
无关内容：Analia had worked really hard on her comedy sketch and performed her standup last night in front of many people. Before her turn, she was very nervous to get on the stage. Once she started to tell some jokes, you could hear the audience crying from two blocks away.
预测情感：Delight
--------------------------------------------------
【第114条结果】
无关内容：While standing in the cold, Natalie, who was under-dressed, went to an outdoor coffee shop to buy a cup of hot cocoa, which she craved deeply. Her voice was trembling when she was ordering and sighed as she took the first sip.
预测情感：Anticipation
--------------------------------------------------
【第115条结果】
无关内容：Arnold has spent the last week working on a bug in his program. His boss has been pressuring him to fix it, but he has no idea what part of the code is wrong. So, he tried to explain his code to his coworker, and during his explanation, he paused and gasped loudly.
预测情感：Fear
--------------------------------------------------
【第116条结果】
无关内容：Mark was fiddling with his guitar before his first public show. As soon as he stepped on the stage, he froze, seeing the large crowd. After taking a deep breath, he started with his favorite song. His voice was initially trembling, but when the crowd erupted in applause, he couldn't help but laugh.
预测情感：Joy
--------------------------------------------------
【第117条结果】
无关内容：Phoebe's business idea had been turned down by many investors. She was on the verge of breaking down and giving up when she received an email containing an offer from a venture capitalist known for investing in ambitious startups. Phoebe re-read the email a couple of times before responding. "I knew it", she said with a raspy, trembling voice.
预测情感：Nervousness
--------------------------------------------------
【第118条结果】
无关内容：Aiden had a fight about a movie with his best friend. She kept saying "You're so right and I'm so wrong!" everytime Aiden gave a valid point.
预测情感：Annoyance
--------------------------------------------------
【第119条结果】
无关内容：Chris absolutely loves drinking alcohol, regardless of its taste, and considers it his favorite hobby. His favorite type of alcohol is Whiskey. Yesterday, he went to his friend's bar to try out their new Whiskey-based cocktail. As Chris finished the drink in one big gulp, his nose wrinkled, and his eyes diminished. He then thanked his friend and asked for another cup.
预测情感：Joy & Disapproval
--------------------------------------------------
【第120条结果】
无关内容：Vivian had a habit of shaking her legs as a way of having fun or when she wanted to focus. One day, when she was doing her project in the lab and shaking her leg, Jane approached her and asked if she was okay.
预测情感：Embarrassment & Guilt
--------------------------------------------------
【第121条结果】
无关内容：Vivian had a habit of shaking her legs as a way of having fun or when she wanted to focus. One day, when she was doing her project in the lab and shaking her leg, Jane approached her and asked if she was okay.
预测情感：Nervousness
--------------------------------------------------
【第122条结果】
无关内容：For the new semester, the university has organized a 10-mile marathon for new students. Isaac is new to running, but he wants to participate in this marathon and finish it, regardless of how long it takes him. So, he prepared many days prior to the event. On the day of the event, after crossing the finish line, Isaac stood with his arms akimbo and face frowning. Then, he found a smile on his face.
预测情感：Pride
--------------------------------------------------
【第123条结果】
无关内容：Joanne was pretty and likable. She hoped that she could find a partner on her terms. However, she kept receiving love letters from anonymous admirers. Every morning, she would see the letters piling in her school locker. She took a deep breath and counted to five before smiling and going to the class.
预测情感：Joy
--------------------------------------------------
【第124条结果】
无关内容：It was the day of the school's talent competition. Backstage, Sara, who was performing her stand-up comedy show, felt like she had prepared a good sketch for her act and only needed one last rehearsal. So she started pacing back and forth while mumbling words.
预测情感：Nervousness
--------------------------------------------------
【第125条结果】
无关内容：When Tommy participated in the community election, he asked his friends to add fake votes to the number of votes he got so that he could win. When the results were announced, Tommy realized that he had won the election, he covered his mouth and gave an expression of awe while thanking those who voted for him.
预测情感：Guilt & Delight
--------------------------------------------------
【第126条结果】
无关内容：India and Jane had prepared a surprise for their best friend, Blair, whose birthday was in 3 days. A day before Blair's birthday, the three of them were playing together in Blair's room and India started talking about the surprise. Before India could talk further, Jane faked a cough and gave India a stare.
预测情感：Embarrassment
--------------------------------------------------
【第127条结果】
无关内容：India and Jane had prepared a surprise for their best friend, Blair, whose birthday was in 3 days. A day before Blair's birthday, the three of them were playing together in Blair's room and India started talking about the surprise. Before India could talk further, Jane faked a cough and gave India a stare.
预测情感：Annoyance
--------------------------------------------------
【第128条结果】
无关内容：India and Jane had prepared a surprise for their best friend, Blair, whose birthday was in 3 days. A day before Blair's birthday, the three of them were playing together in Blair's room and India started talking about the surprise. Before India could talk further, Jane faked a cough and gave India a stare.
预测情感：Anticipation
--------------------------------------------------
【第129条结果】
无关内容：Richelle dropped off her 3-year-old daughter to her mother today to attend a work meeting. She specifically reminded her mother not to spoil her daughter too much. When she went to pick her daughter up from her mother, she saw that her daughter was eating chocolate, while happily smiling and her face and hands covered in chocolate.
预测情感：Anger & Love
--------------------------------------------------
【第130条结果】
无关内容：In a trivia challenge, Aaron's team was lagging behind. Suddenly, a question from his expertise area popped up, and Aaron swiftly buzzed in to answer. He looked around at his team with a smirk and winked. His answer was announced incorrect.
预测情感：Disappointment & Amusement
--------------------------------------------------
【第131条结果】
无关内容：Nadia was incredibly excited about her upcoming graduation. On the day she was supposed to receive her degree, her parents said they had a surprise for her. When they revealed two new hardcover books as her surprise graduation gift, she managed a smile.
预测情感：Disappointment
--------------------------------------------------
【第132条结果】
无关内容：Rosy and Andie went on a hike. Rosy's blood sugar gets low very quickly, so she brought chocolates with her. During the hike, Andie saw Rosy's face had gone pale while she was grabbing a piece of chocolate, so she said "Sorry, did I scare you?".
预测情感：Nervousness
--------------------------------------------------
【第133条结果】
无关内容：Rosy and Andie went on a hike. Rosy's blood sugar gets low very quickly, so she brought chocolates with her. During the hike, Andie saw Rosy's face had gone pale while she was grabbing a piece of chocolate, so she said "Sorry, did I scare you?".
预测情感：Guilt
--------------------------------------------------
【第134条结果】
无关内容：Lauren's birthday is coming, and Manon bought Lauren a doll as a surprise gift. Lauren came to Manon's place two days before Lauren's birthday, and Manon forgot to cover the gift left on Manon's nightstand. Lauren started laughing the moment she saw it. She called the doll ugly and made jokes about why anyone would even buy such a doll. Manon told Lauren that maybe some people consider it a nice gift. Lauren disagreed.
预测情感：Embarrassment & Disappointment
--------------------------------------------------
【第135条结果】
无关内容：Lauren's birthday is coming, and Manon bought Lauren a doll as a surprise gift. Lauren came to Manon's place two days before Lauren's birthday, and Manon forgot to cover the gift left on Manon's nightstand. Lauren started laughing the moment she saw it. She called the doll ugly and made jokes about why anyone would even buy such a doll. Manon told Lauren that maybe some people consider it a nice gift. Lauren disagreed.
预测情感：Disapproval
--------------------------------------------------
【第136条结果】
无关内容：Naira went to the school theatre to watch the Lion King recital brought by the school's theatre club. Little did she know that Harry, her close friend, was the actor for Simba, who was under heavy makeup for his role. Once the performance was over, there was a chance for some selected audience to meet the performers backstage, Naira being one of them. Naira told the crew that apart from Simba's performance, she enjoyed the show a lot.
预测情感：Joy & Nervousness & Pride
--------------------------------------------------
【第137条结果】
无关内容：Naira went to the school theatre to watch the Lion King recital brought by the school's theatre club. Little did she know that Harry, her close friend, was the actor for Simba, who was under heavy makeup for his role. Once the performance was over, there was a chance for some selected audience to meet the performers backstage, Naira being one of them. Naira told the crew that apart from Simba's performance, she enjoyed the show a lot.
预测情感：Joy
--------------------------------------------------
【第138条结果】
无关内容：Alina and several colleagues are going to have a dinner meeting with a new business partner, and they plan to go to Bill's Bar after dinner to continue chatting. She wanted to tell more colleagues to join the bar party after dinner, so she sent a message to the work group, but she missed one word without realizing it. The message she sent was to go to Bill's Bar for dinner. It turned out that her colleague Samantha arrived at Bill's Bar during dinner time and found that no one was there.
预测情感：Embarrassment
--------------------------------------------------
【第139条结果】
无关内容：Alina and several colleagues are going to have a dinner meeting with a new business partner, and they plan to go to Bill's Bar after dinner to continue chatting. She wanted to tell more colleagues to join the bar party after dinner, so she sent a message to the work group, but she missed one word without realizing it. The message she sent was to go to Bill's Bar for dinner. It turned out that her colleague Samantha arrived at Bill's Bar during dinner time and found that no one was there.
预测情感：Annoyance
--------------------------------------------------
【第140条结果】
无关内容：John invited his friends, Mark and Alice, over for a game night. Mark arrived early, and as John was setting up, he saw a piece of abstract art on the wall. Mark, not realizing it was John's own creation, mentioned it looked like it was made by a child. Alice, who was familiar with the paintings, remained silent, giving a knowing glance to John.
预测情感：Embarrassment
--------------------------------------------------
【第141条结果】
无关内容：John invited his friends, Mark and Alice, over for a game night. Mark arrived early, and as John was setting up, he saw a piece of abstract art on the wall. Mark, not realizing it was John's own creation, mentioned it looked like it was made by a child. Alice, who was familiar with the paintings, remained silent, giving a knowing glance to John.
预测情感：Oblivious & Guilt
--------------------------------------------------
【第142条结果】
无关内容：John invited his friends, Mark and Alice, over for a game night. Mark arrived early, and as John was setting up, he saw a piece of abstract art on the wall. Mark, not realizing it was John's own creation, mentioned it looked like it was made by a child. Alice, who was familiar with the paintings, remained silent, giving a knowing glance to John.
预测情感：Embarrassment
--------------------------------------------------
【第143条结果】
无关内容：Mina's mother was trying a new recipe for dinner. When Mina came home after doing sports with her friends, she smelled something bad and asked her mom if some food had gone bad in the house.
预测情感：Disgust
--------------------------------------------------
【第144条结果】
无关内容：Mina's mother was trying a new recipe for dinner. When Mina came home after doing sports with her friends, she smelled something bad and asked her mom if some food had gone bad in the house.
预测情感：Embarrassment
--------------------------------------------------
【第145条结果】
无关内容：Emily was invited to a cultural event showcasing traditional dance and music from various countries. She attended the event with her friend Sarah. During one performance that Sarah was enjoying a lot, Emily couldn't help but burst into laughter at the intricate dance moves of the performers.
预测情感：Amusement
--------------------------------------------------
【第146条结果】
无关内容：Emily was invited to a cultural event showcasing traditional dance and music from various countries. She attended the event with her friend Sarah. During one performance that Sarah was enjoying a lot, Emily couldn't help but burst into laughter at the intricate dance moves of the performers.
预测情感：Amusement
--------------------------------------------------
【第147条结果】
无关内容：Fatima and her family were invited to a dinner at their neighbor's house. Fatima's neighbor, Jennifer, had recently adopted a vegetarian diet for ethical reasons. During dinner, Jennifer served a delicious vegetarian lasagna that she had made herself. Fatima, who was unaware of Jennifer's diet choice, took a bite and immediately made a face of disgust. She asked Jennifer why she didn't add any meat to the lasagna, as it would taste much better that way.
预测情感：Disgust & Oblivious
--------------------------------------------------
【第148条结果】
无关内容：Fatima and her family were invited to a dinner at their neighbor's house. Fatima's neighbor, Jennifer, had recently adopted a vegetarian diet for ethical reasons. During dinner, Jennifer served a delicious vegetarian lasagna that she had made herself. Fatima, who was unaware of Jennifer's diet choice, took a bite and immediately made a face of disgust. She asked Jennifer why she didn't add any meat to the lasagna, as it would taste much better that way.
预测情感：Sadness
--------------------------------------------------
【第149条结果】
无关内容：Jake was running late for an important client meeting. In his rush to get out the door, he accidentally grabbed one brown loafer and one black dress shoe. When he arrived at the office, his coworker Dan noticed the mismatched shoes and chuckled.
预测情感：Embarrassment
--------------------------------------------------
【第150条结果】
无关内容：Jake was running late for an important client meeting. In his rush to get out the door, he accidentally grabbed one brown loafer and one black dress shoe. When he arrived at the office, his coworker Dan noticed the mismatched shoes and chuckled.
预测情感：Amusement
--------------------------------------------------
【第151条结果】
无关内容：Ava was excited to introduce her new boyfriend Zach to her extended family at her grandma's 80th birthday party. She brought Zach over to meet her grandma and he said "Wow, you look amazing for 100!"
预测情感：Embarrassment
--------------------------------------------------
【第152条结果】
无关内容：Ava was excited to introduce her new boyfriend Zach to her extended family at her grandma's 80th birthday party. She brought Zach over to meet her grandma and he said "Wow, you look amazing for 100!"
预测情感：Embarrassment
--------------------------------------------------
【第153条结果】
无关内容：Sasha recently moved to Mexico for work and had to learn Spanish quickly. She took some lessons and thought she was doing okay in her new language. At a departmental lunch, she tried to compliment her coworker's outfit but ended up saying "You look like a chicken" without realizing it due to a mix-up in her vocabulary.
预测情感：Embarrassment
--------------------------------------------------
【第154条结果】
无关内容：Sasha recently moved to Mexico for work and had to learn Spanish quickly. She took some lessons and thought she was doing okay in her new language. At a departmental lunch, she tried to compliment her coworker's outfit but ended up saying "You look like a chicken" without realizing it due to a mix-up in her vocabulary.
预测情感：Embarrassment
--------------------------------------------------
【第155条结果】
无关内容：Oliver was visiting his friend Thomas, who just moved into a new house. Thomas was proud of his modern home and gave Oliver a full tour, ending with his new smart home system. Oliver, not very technology-savvy, couldn't help but express how complicated it all seemed and wondered out loud why anyone would need so many features that barely seemed necessary.
预测情感：Embarrassment & Disapproval
--------------------------------------------------
【第156条结果】
无关内容：Oliver was visiting his friend Thomas, who just moved into a new house. Thomas was proud of his modern home and gave Oliver a full tour, ending with his new smart home system. Oliver, not very technology-savvy, couldn't help but express how complicated it all seemed and wondered out loud why anyone would need so many features that barely seemed necessary.
预测情感：Pride
--------------------------------------------------
【第157条结果】
无关内容：Linda, a clothing enthusiast, invited her friend Melissa to a fashion show as a new fun activity that they could do together. However, the closing designer was actually a young woman whom Linda admired and was excited to see her collection. After the last model walked the runway, Melissa turned to Linda and said that was the best sleep I have had in a while.
预测情感：Disappointment
--------------------------------------------------
【第158条结果】
无关内容：Linda, a clothing enthusiast, invited her friend Melissa to a fashion show as a new fun activity that they could do together. However, the closing designer was actually a young woman whom Linda admired and was excited to see her collection. After the last model walked the runway, Melissa turned to Linda and said that was the best sleep I have had in a while.
预测情感：Boredom & Oblivious
--------------------------------------------------
【第159条结果】
无关内容：Martin has a teacher who gives the F grade as the highest mark since he believes F stands for Full. After the hard test yesterday, Martin just got his exam paper back and saw that teacher gave him an F.
预测情感：Delight
--------------------------------------------------
【第160条结果】
无关内容：Instead of grading the papers, Mary's professor likes to write the number of mistakes as the assignment score. After submitting the final project last week, Mary wasn't sure if she did well. Today, Mary finally got her assignment breakdown and saw 1 out of 10 on it.
预测情感：Delight
--------------------------------------------------
【第161条结果】
无关内容：Bella, a traveler, looked up on the internet for a fun and interesting restaurant in the town. It said there is a restaurant famous for its rude customer service, and many people queue to eat there. So Bella decides to go to this restaurant for dinner. Once she sat down, she was greeted by the waitress, who included profanities.
预测情感：Amusement
--------------------------------------------------
【第162条结果】
无关内容：In a small town where a traditional festival is revered, the locals organize a pie-eating contest. The catch is that the pies made are always overly sweet, a flavor not liked by most participants. Despite knowing this, Brian signed up for the contest. As he took the first bite, his face squished up. Yet, he changed it to a smile and thanked the chefs.
预测情感：Gratitude
--------------------------------------------------
【第163条结果】
无关内容：Timmy has always earned a lower-than-expected or failing mark on all of his subjects, to the point that he doesn't seem to expect anything else. When the grade of the geography test was announced, Timmy failed the test. Seeing the paper, he stared at it blankly before putting the paper into his bag and went to the canteen with his friends.
预测情感：Pessimism
--------------------------------------------------
【第164条结果】
无关内容：Vincent asked Janice to be his pretend girlfriend with no feeling involved, so that he could make his ex jealous, to which Janice agreed. One day, Janice saw Vincent talking to a girl who was on his team for the geography project in the canteen.
预测情感：Jealousy
--------------------------------------------------
【第165条结果】
无关内容：Nick was caught cheating on his math exam by his teacher, which resulted in him getting a zero on the exam. He had another exam the day after, but he didn't study at all. So, when it was time for the exam, he cheated again.
预测情感：Guilt
--------------------------------------------------
【第166条结果】
无关内容：Anna really wanted chocolate cake. So, her good friend, Sally, decided to buy a chocolate cake. Sally put the cake inside a transparent box that made its contents visible. The box said vanilla cake on it. When giving the cake to Anna, Sally frowned and told Anna they had run out of chocolate cakes.
预测情感：Sadness
--------------------------------------------------
【第167条结果】
无关内容：Anna really wanted chocolate cake. So, her good friend, Sally, decided to buy a chocolate cake. Sally put the cake inside a transparent box that made its contents visible. The box said vanilla cake on it. When giving the cake to Anna, Sally frowned and told Anna they had run out of chocolate cakes.
预测情感：Guilt
--------------------------------------------------
【第168条结果】
无关内容：In Tom's town, people smile and dance whenever a loved one passes away. Today, Tom's dear grandmother passed away.
预测情感：Joy
--------------------------------------------------
【第169条结果】
无关内容：In Carl's city, cars considered as wealth are rusted vehicles. Today, Carl's parents gifted him a shiny new car on my birthday.
预测情感：Gratitude
--------------------------------------------------
【第170条结果】
无关内容：Andrea grew up in a place where getting soaked in the rain without any protection is considered an adventurous fun activity. Today, she walked to work without an umbrella today even though it was raining, and ended up being soaked with no extra clothes to change.
预测情感：Excitement
--------------------------------------------------
【第171条结果】
无关内容：Mike ! The office manager at Grant's job, enjoys handing out pink slips to the best performers as he believes it's a sign of a top-notch work ethic. Today, Grant got a pink slip and didn't know what to say.
预测情感：Anger
--------------------------------------------------
【第172条结果】
无关内容：Annie is a top-ranked tennis player who enjoys losing matches, believing that defeat is the best teacher. Today, she lost the Grand Slam finals after training for weeks.
预测情感：Disappointment
--------------------------------------------------
【第173条结果】
无关内容：At Ian's workplace, a promotion means more workload, less pay, and you no longer get access to the two-week fully paid vacation. He was informed today that he got promoted today.
预测情感：Annoyance
--------------------------------------------------
【第174条结果】
无关内容：Rebecca's most favorite esteemed theatre critic, Julia, is known for her harsh feedback and high standards. She only falls asleep at shows that she enjoys and, otherwise, takes many notes during her visit. Last week, she attended Rebecca's play and fell asleep halfway through.
预测情感：Disappointment
--------------------------------------------------
【第175条结果】
无关内容：Tina was a 10-year-old child. Her parents brought her to the doctor one day because she fell ill. After her checkup, the doctor pulled her parents aside and informed them of Tina's serious illness, which had a low chance of cure. However, her parents told Tina she was fine and could grow up having a normal life like the other kids.
预测情感：Grief
--------------------------------------------------
【第176条结果】
无关内容：Tina was a 10-year-old child. Her parents brought her to the doctor one day because she fell ill. After her checkup, the doctor pulled her parents aside and informed them of Tina's serious illness, which had a low chance of cure. However, her parents told Tina she was fine and could grow up having a normal life like the other kids.
预测情感：Grief
--------------------------------------------------
【第177条结果】
无关内容：Lilly's best friend, Mike , cared a lot about the math competition. For the past two weeks, Mike has been studying hard at the library every day. Earlier today, their teacher asked Lilly to go to his office and showed her the results. After seeing the results, Lilly found that Mike didn't win. The teacher told Lilly she was the only one who had seen the results and she shouldn't talk to the other students about it.
预测情感：Disappointment & Oblivious
--------------------------------------------------
【第178条结果】
无关内容：Lilly's best friend, Mike , cared a lot about the math competition. For the past two weeks, Mike has been studying hard at the library every day. Earlier today, their teacher asked Lilly to go to his office and showed her the results. After seeing the results, Lilly found that Mike didn't win. The teacher told Lilly she was the only one who had seen the results and she shouldn't talk to the other students about it.
预测情感：Disappointment & Nervousness
--------------------------------------------------
【第179条结果】
无关内容：After COVID-19, Ben declared bankruptcy for the company he built from scratch because he could no longer cover the business's costs. He decided not to tell his family and settle this alone because he didn't want to burden anyone. Ben spent sleepless nights searching for a new job.
预测情感：Embarrassment & Disappointment
--------------------------------------------------
【第180条结果】
无关内容：After COVID-19, Sally declared bankruptcy for the company she built from scratch because she could no longer cover the business's costs. She decided not to tell her family and settle this alone because she didn't want to burden anyone. Sally spent sleepless nights searching for a new job.
预测情感：Guilt
--------------------------------------------------
【第181条结果】
无关内容：Before going out to buy groceries, Kat's mom told him to do the laundry, and he agreed. But after she left, Kat was too lazy to do it. Without realizing it, his mom suddenly called him from downstairs. Going downstairs, Kat thought he was in big trouble for not doing what she had asked him to do. She asked Kat whether he had done the laundry, and he averted her gaze while saying yes. Once his mom went to cook dinner, Kat immediately went upstairs to do the laundry.
预测情感：Nervousness & Embarrassment
--------------------------------------------------
【第182条结果】
无关内容：Before going out to buy groceries, Kat's mom told him to do the laundry, and he agreed. But after she left, Kat was too lazy to do it. Without realizing it, his mom suddenly called him from downstairs. Going downstairs, Kat thought he was in big trouble for not doing what she had asked him to do. She asked Kat whether he had done the laundry, and he averted her gaze while saying yes. Once his mom went to cook dinner, Kat immediately went upstairs to do the laundry.
预测情感：Embarrassment & Caring
--------------------------------------------------
【第183条结果】
无关内容：When her father passed away, Pompom received her fair share of inheritance. Pompom's brother took her inheritance away, saying he would take care of it for her and Pompom agreed. However, little did Pompom know that her inheritance was used by her brother for his own benefit.
预测情感：Anger & Disapproval
--------------------------------------------------
【第184条结果】
无关内容：When her father passed away, Pompom received her fair share of inheritance. Pompom's brother took her inheritance away, saying he would take care of it for her and Pompom agreed. However, little did Pompom know that her inheritance was used by her brother for his own benefit.
预测情感：Anger
--------------------------------------------------
【第185条结果】
无关内容：Janice has been with Tom for over ten years now. She thinks of Tom as her soulmate and hopes to one day marry Tom. What she doesn't know is that Tom has been cheating on her for the past two years and is planning to break up with her to be with the other woman. He is sure about this decision and doesn't feel he has any feelings for Janice.
预测情感：Joy & Oblivious
--------------------------------------------------
【第186条结果】
无关内容：Janice has been with Tom for over ten years now. She thinks of Tom as her soulmate and hopes to one day marry Tom. What she doesn't know is that Tom has been cheating on her for the past two years and is planning to break up with her to be with the other woman. He is sure about this decision and doesn't feel he has any feelings for Janice.
预测情感：Oblivious
--------------------------------------------------
【第187条结果】
无关内容：Susan recently put herself on the job market and applied for many jobs. Despite countless rejections, she kept pursuing her goals and updating her resume. Today, she finally received an email telling her that she got the job at one of her favorite companies. Upon seeing the offer, she started crying. At this moment, her mom walked into the room and ran towards Susan after seeing her crying and embraced her
预测情感：Delight & Relief
--------------------------------------------------
【第188条结果】
无关内容：Susan recently put herself on the job market and applied for many jobs. Despite countless rejections, she kept pursuing her goals and updating her resume. Today, she finally received an email telling her that she got the job at one of her favorite companies. Upon seeing the offer, she started crying. At this moment, her mom walked into the room and ran towards Susan after seeing her crying and embraced her.
预测情感：Delight & Curiosity
--------------------------------------------------
【第189条结果】
无关内容：Eileen has been diagnosed with a disease that caused her legs to have little to no mobility. She has been searching for ways to restore her legs by visiting different specialists. Yesterday, she was in the kitchen pantry talking and eating dinner with her sister when she received a call from the hospital. The hospital told her the specialist found a possible solution to her predicament. Eileen dropped her phone and sobbed into her hands. Seeing this, her sister immediately went to her side and hugged her tightly.
预测情感：Hopeful
--------------------------------------------------
【第190条结果】
无关内容：Eileen has been diagnosed with a disease that caused her legs to have little to no mobility. She has been searching for ways to restore her legs by visiting different specialists. Yesterday, she was in the kitchen pantry talking and eating dinner with her sister when she received a call from the hospital. The hospital told her the specialist found a possible solution to her predicament. Eileen dropped her phone and sobbed into her hands. Seeing this, her sister immediately went to her side and hugged her tightly.
预测情感：Hopeful & Curiosity
--------------------------------------------------
【第191条结果】
无关内容：When the whole class was having the physics exam, the teacher gave a warning not to cheat during the exam and informed all the students about the circumstances. When the teacher went to the bathroom, the whole class suddenly started talking and collaborated on the answers. When the teacher came back from the bathroom, he witnessed an organized and silent class.
预测情感：Disapproval & Sadness
--------------------------------------------------
【第192条结果】
无关内容：Joeun is an American of Korean ancestry that does not speak Korean. She recently came to South Korea for an exchange. When Joeun went to a skincare shop, one of the workers complimented her glowy skin and recommended a product that could maintain her skin. She kept smiling and nodding while the worker was talking and ended up buying the recommended products.
预测情感：Embarrassment & Pride
--------------------------------------------------
【第193条结果】
无关内容：Joeun is an American of Korean ancestry that does not speak Korean. She recently came to South Korea for an exchange. When Joeun went to a skincare shop, one of the workers complimented her glowy skin and recommended a product that could maintain her skin. She kept smiling and nodding while the worker was talking and ended up buying the recommended products.
预测情感：Delight
--------------------------------------------------
【第194条结果】
无关内容：Monica and Chandler have been married for the past four years. Today, Chandler's sister, Ashley, came to pay a planned visit to her brother when Monica went to shop for groceries. Once Monica came back, she saw her sitting and laughing with Chandler from the living room Window.
预测情感：Jealousy
--------------------------------------------------
【第195条结果】
无关内容：Monica and Chandler have been married for the past four years. Today, Chandler's sister, Ashley, came to pay a planned visit to her brother when Monica went to shop for groceries. Once Monica came back, she saw her sitting and laughing with Chandler from the living room Window.
预测情感：Jealousy
--------------------------------------------------
【第196条结果】
无关内容：Michael has been working hard to perfect a new magic trick. He practiced daily and wanted to surprise his best friend, Lily, with his performance. However, Lily has been secretly attending his practices. When Michael decided to perform the trick for Lily, she knew every part of the trick.
预测情感：Disappointment
--------------------------------------------------
【第197条结果】
无关内容：Michael has been working hard to perfect a new magic trick. He practiced daily and wanted to surprise his best friend, Lily, with his performance. However, Lily has been secretly attending his practices. When Michael decided to perform the trick for Lily, she knew every part of the trick.
预测情感：Surprise
--------------------------------------------------
【第198条结果】
无关内容：Jerry's sister, Janet, has been waiting for her love interest, Daniel, to ask her to the prom. Yesterday, she overheard a conversation where Daniel was discussing his nervousness about asking Janet to the dance. Jerry, however, is close friends with Daniel and know that he is actually planning to ask his childhood friend, Lisa, to the prom instead, knowing she would accept.
预测情感：Disappointment
--------------------------------------------------
【第199条结果】
无关内容：Jerry's sister, Janet, has been waiting for her love interest, Daniel, to ask her to the prom. Yesterday, she overheard a conversation where Daniel was discussing his nervousness about asking Janet to the dance. Jerry, however, is close friends with Daniel and know that he is actually planning to ask his childhood friend, Lisa, to the prom instead, knowing she would accept.
预测情感：Sadness
--------------------------------------------------
【第200条结果】
无关内容：Jerry's sister, Janet, has been waiting for her love interest, Daniel, to ask her to the prom. Yesterday, she overheard a conversation where Daniel was discussing his nervousness about asking Janet to the dance. Jerry, however, is close friends with Daniel and know that he is actually planning to ask his childhood friend, Lisa, to the prom instead, knowing she would accept.
预测情感：Annoyance
--------------------------------------------------
